This file contains any messages produced by compilers while
running configure, to aid debugging if configure makes a mistake.

It was created by FULL-PACKAGE-NAME configure VERSION, which was
generated by GNU Autoconf 2.68.  Invocation command line was

  $ ./configure --host=armeabi-v7a --prefix=/home/chtimbo/testbuild/prefix

## --------- ##
## Platform. ##
## --------- ##

hostname = arch
uname -m = x86_64
uname -r = 4.5.1-1-ARCH
uname -s = Linux
uname -v = #1 SMP PREEMPT Thu Apr 14 19:19:32 CEST 2016

/usr/bin/uname -p = unknown
/bin/uname -X     = unknown

/bin/arch              = unknown
/usr/bin/arch -k       = unknown
/usr/convex/getsysinfo = unknown
/usr/bin/hostinfo      = unknown
/bin/machine           = unknown
/usr/bin/oslevel       = unknown
/bin/universe          = unknown

PATH: /opt/crystax-ndk-10.3.1/toolchains/arm-linux-androideabi-5/prebuilt/linux-x86/bin/
PATH: /opt/crystax-ndk-10.3.1/toolchains/arm-linux-androideabi-5/prebuilt/linux-x86_64/bin/
PATH: /opt/crystax-ndk-10.3.1
PATH: /home/chtimbo/project/toolchain/android-sdk-linux/tools
PATH: /usr/local/sbin
PATH: /usr/local/bin
PATH: /usr/bin
PATH: /usr/lib/jvm/default/bin
PATH: /usr/bin/site_perl
PATH: /usr/bin/vendor_perl
PATH: /usr/bin/core_perl
PATH: /opt/crystax-ndk-10.3.1/toolchains/arm-linux-androideabi-5/prebuilt/linux-x86_64/bin/
PATH: /opt/android-sdk-linux/tools


## ----------- ##
## Core tests. ##
## ----------- ##

configure:2317: checking for armeabi-v7a-gcc
configure:2344: result: arm-linux-androideabi-gcc -DANDROID -mandroid -fomit-frame-pointer --sysroot /opt/crystax-ndk-10.3.1/platforms/android-15/arch-arm -I/opt/crystax-ndk-10.3.1/sources/python/3.5/include/python
configure:2613: checking for C compiler version
configure:2622: arm-linux-androideabi-gcc -DANDROID -mandroid -fomit-frame-pointer --sysroot /opt/crystax-ndk-10.3.1/platforms/android-15/arch-arm -I/opt/crystax-ndk-10.3.1/sources/python/3.5/include/python --version >&5
arm-linux-androideabi-gcc (GCC) 5.3 20151204
Copyright (C) 2015 Free Software Foundation, Inc.
This is free software; see the source for copying conditions.  There is NO
warranty; not even for MERCHANTABILITY or FITNESS FOR A PARTICULAR PURPOSE.

configure:2633: $? = 0
configure:2622: arm-linux-androideabi-gcc -DANDROID -mandroid -fomit-frame-pointer --sysroot /opt/crystax-ndk-10.3.1/platforms/android-15/arch-arm -I/opt/crystax-ndk-10.3.1/sources/python/3.5/include/python -v >&5
Using built-in specs.
COLLECT_GCC=arm-linux-androideabi-gcc
COLLECT_LTO_WRAPPER=/opt/crystax-ndk-10.3.1/toolchains/arm-linux-androideabi-5/prebuilt/linux-x86_64/bin/../libexec/gcc/arm-linux-androideabi/5.3/lto-wrapper
Target: arm-linux-androideabi
Configured with: /home/cislave/workspace/ndk-build-all/HOST/linux/LABEL/ndk-build/toolchain/build/../gcc/gcc-5/configure --prefix=/tmp/ndk-cislave/build/toolchain/prefix --target=arm-linux-androideabi --host=x86_64-linux-gnu --build=x86_64-linux-gnu --with-gnu-as --with-gnu-ld --with-gmp=/tmp/ndk-cislave/build/toolchain/temp-install --with-mpfr=/tmp/ndk-cislave/build/toolchain/temp-install --with-mpc=/tmp/ndk-cislave/build/toolchain/temp-install --with-cloog=/tmp/ndk-cislave/build/toolchain/temp-install --with-isl=/tmp/ndk-cislave/build/toolchain/temp-install --with-ppl=/tmp/ndk-cislave/build/toolchain/temp-install --disable-ppl-version-check --disable-cloog-version-check --disable-isl-version-check --enable-cloog-backend=isl --with-host-libstdcxx='-static-libgcc -Wl,-Bstatic,-lstdc++,-Bdynamic -lm' --disable-libssp --enable-threads --disable-nls --disable-libmudflap --disable-libgomp --disable-libstdc__-v3 --disable-sjlj-exceptions --disable-shared --disable-tls --disable-libitm --with-float=soft --with-fpu=vfp --with-arch=armv5te --enable-target-optspace --enable-initfini-array --disable-nls --prefix=/tmp/ndk-cislave/build/toolchain/prefix --with-sysroot=/tmp/ndk-cislave/build/toolchain/prefix/sysroot --with-binutils-version=2.25 --with-mpfr-version=3.1.2 --with-mpc-version=1.0.3 --with-gmp-version=6.0.0 --with-gcc-version=5 --with-gdb-version=7.10 --with-python=/home/cislave/workspace/ndk-build-all/HOST/linux/LABEL/ndk-build/platform/ndk/prebuilt/linux-x86_64/bin/python-config.sh --with-gxx-include-dir=/tmp/ndk-cislave/build/toolchain/prefix/include/c++/5.3 --with-bugurl=https://tracker.crystax.net/projects/ndk --enable-languages=c,c++,objc,obj-c++ --disable-bootstrap --enable-plugins --enable-libgomp --enable-gnu-indirect-function --disable-libsanitizer --enable-gold --enable-threads --enable-graphite=yes --with-cloog-version=0.18.3 --with-isl-version=0.11.1 --enable-eh-frame-hdr-for-static --with-arch=armv5te --program-transform-name='s&^&arm-linux-androideabi-&' --enable-gold=default --disable-libobjc
Thread model: posix
gcc version 5.3 20151204 (GCC) 
configure:2633: $? = 0
configure:2622: arm-linux-androideabi-gcc -DANDROID -mandroid -fomit-frame-pointer --sysroot /opt/crystax-ndk-10.3.1/platforms/android-15/arch-arm -I/opt/crystax-ndk-10.3.1/sources/python/3.5/include/python -V >&5
arm-linux-androideabi-gcc: error: unrecognized command line option '-V'
arm-linux-androideabi-gcc: fatal error: no input files
compilation terminated.
configure:2633: $? = 1
configure:2622: arm-linux-androideabi-gcc -DANDROID -mandroid -fomit-frame-pointer --sysroot /opt/crystax-ndk-10.3.1/platforms/android-15/arch-arm -I/opt/crystax-ndk-10.3.1/sources/python/3.5/include/python -qversion >&5
arm-linux-androideabi-gcc: error: unrecognized command line option '-qversion'
arm-linux-androideabi-gcc: fatal error: no input files
compilation terminated.
configure:2633: $? = 1
configure:2653: checking whether the C compiler works
configure:2675: arm-linux-androideabi-gcc -DANDROID -mandroid -fomit-frame-pointer --sysroot /opt/crystax-ndk-10.3.1/platforms/android-15/arch-arm -I/opt/crystax-ndk-10.3.1/sources/python/3.5/include/python -DANDROID -mandroid -fomit-frame-pointer --sysroot /opt/crystax-ndk-10.3.1/platforms/android-15/arch-arm -I/opt/crystax-ndk-10.3.1/sources/python/3.5/include/python -march=armv7-a -mfloat-abi=softfp -mfpu=vfp -mthumb  -lm -L/opt/crystax-ndk-10.3.1/sources/python/3.5/libs/armeabi-v7a -L/opt/crystax-ndk-10.3.1/sources/crystax/libs/armeabi-v7a -lcrystax conftest.c  >&5
configure:2679: $? = 0
configure:2727: result: yes
configure:2730: checking for C compiler default output file name
configure:2732: result: a.out
configure:2738: checking for suffix of executables
configure:2745: arm-linux-androideabi-gcc -DANDROID -mandroid -fomit-frame-pointer --sysroot /opt/crystax-ndk-10.3.1/platforms/android-15/arch-arm -I/opt/crystax-ndk-10.3.1/sources/python/3.5/include/python -o conftest -DANDROID -mandroid -fomit-frame-pointer --sysroot /opt/crystax-ndk-10.3.1/platforms/android-15/arch-arm -I/opt/crystax-ndk-10.3.1/sources/python/3.5/include/python -march=armv7-a -mfloat-abi=softfp -mfpu=vfp -mthumb  -lm -L/opt/crystax-ndk-10.3.1/sources/python/3.5/libs/armeabi-v7a -L/opt/crystax-ndk-10.3.1/sources/crystax/libs/armeabi-v7a -lcrystax conftest.c  >&5
configure:2749: $? = 0
configure:2771: result: 
configure:2793: checking whether we are cross compiling
configure:2801: arm-linux-androideabi-gcc -DANDROID -mandroid -fomit-frame-pointer --sysroot /opt/crystax-ndk-10.3.1/platforms/android-15/arch-arm -I/opt/crystax-ndk-10.3.1/sources/python/3.5/include/python -o conftest -DANDROID -mandroid -fomit-frame-pointer --sysroot /opt/crystax-ndk-10.3.1/platforms/android-15/arch-arm -I/opt/crystax-ndk-10.3.1/sources/python/3.5/include/python -march=armv7-a -mfloat-abi=softfp -mfpu=vfp -mthumb  -lm -L/opt/crystax-ndk-10.3.1/sources/python/3.5/libs/armeabi-v7a -L/opt/crystax-ndk-10.3.1/sources/crystax/libs/armeabi-v7a -lcrystax conftest.c  >&5
configure:2805: $? = 0
configure:2812: ./conftest
./configure: line 2814: ./conftest: cannot execute binary file: Exec format error
configure:2816: $? = 126
configure:2831: result: yes
configure:2836: checking for suffix of object files
configure:2858: arm-linux-androideabi-gcc -DANDROID -mandroid -fomit-frame-pointer --sysroot /opt/crystax-ndk-10.3.1/platforms/android-15/arch-arm -I/opt/crystax-ndk-10.3.1/sources/python/3.5/include/python -c -DANDROID -mandroid -fomit-frame-pointer --sysroot /opt/crystax-ndk-10.3.1/platforms/android-15/arch-arm -I/opt/crystax-ndk-10.3.1/sources/python/3.5/include/python -march=armv7-a -mfloat-abi=softfp -mfpu=vfp -mthumb  conftest.c >&5
configure:2862: $? = 0
configure:2883: result: o
configure:2887: checking whether we are using the GNU C compiler
configure:2906: arm-linux-androideabi-gcc -DANDROID -mandroid -fomit-frame-pointer --sysroot /opt/crystax-ndk-10.3.1/platforms/android-15/arch-arm -I/opt/crystax-ndk-10.3.1/sources/python/3.5/include/python -c -DANDROID -mandroid -fomit-frame-pointer --sysroot /opt/crystax-ndk-10.3.1/platforms/android-15/arch-arm -I/opt/crystax-ndk-10.3.1/sources/python/3.5/include/python -march=armv7-a -mfloat-abi=softfp -mfpu=vfp -mthumb  conftest.c >&5
configure:2906: $? = 0
configure:2915: result: yes
configure:2924: checking whether arm-linux-androideabi-gcc -DANDROID -mandroid -fomit-frame-pointer --sysroot /opt/crystax-ndk-10.3.1/platforms/android-15/arch-arm -I/opt/crystax-ndk-10.3.1/sources/python/3.5/include/python accepts -g
configure:2944: arm-linux-androideabi-gcc -DANDROID -mandroid -fomit-frame-pointer --sysroot /opt/crystax-ndk-10.3.1/platforms/android-15/arch-arm -I/opt/crystax-ndk-10.3.1/sources/python/3.5/include/python -c -g  conftest.c >&5
configure:2944: $? = 0
configure:2985: result: yes
configure:3002: checking for arm-linux-androideabi-gcc -DANDROID -mandroid -fomit-frame-pointer --sysroot /opt/crystax-ndk-10.3.1/platforms/android-15/arch-arm -I/opt/crystax-ndk-10.3.1/sources/python/3.5/include/python option to accept ISO C89
configure:3066: arm-linux-androideabi-gcc -DANDROID -mandroid -fomit-frame-pointer --sysroot /opt/crystax-ndk-10.3.1/platforms/android-15/arch-arm -I/opt/crystax-ndk-10.3.1/sources/python/3.5/include/python  -c -DANDROID -mandroid -fomit-frame-pointer --sysroot /opt/crystax-ndk-10.3.1/platforms/android-15/arch-arm -I/opt/crystax-ndk-10.3.1/sources/python/3.5/include/python -march=armv7-a -mfloat-abi=softfp -mfpu=vfp -mthumb  conftest.c >&5
configure:3066: $? = 0
configure:3079: result: none needed
configure:3110: checking for __gmpz_init in -lgmp
configure:3135: arm-linux-androideabi-gcc -DANDROID -mandroid -fomit-frame-pointer --sysroot /opt/crystax-ndk-10.3.1/platforms/android-15/arch-arm -I/opt/crystax-ndk-10.3.1/sources/python/3.5/include/python -o conftest -DANDROID -mandroid -fomit-frame-pointer --sysroot /opt/crystax-ndk-10.3.1/platforms/android-15/arch-arm -I/opt/crystax-ndk-10.3.1/sources/python/3.5/include/python -march=armv7-a -mfloat-abi=softfp -mfpu=vfp -mthumb  -lm -L/opt/crystax-ndk-10.3.1/sources/python/3.5/libs/armeabi-v7a -L/opt/crystax-ndk-10.3.1/sources/crystax/libs/armeabi-v7a -lcrystax conftest.c -lgmp   >&5
/opt/crystax-ndk-10.3.1/toolchains/arm-linux-androideabi-5/prebuilt/linux-x86_64/bin/../lib/gcc/arm-linux-androideabi/5.3/../../../../arm-linux-androideabi/bin/ld: error: cannot find -lgmp
/tmp/ccELmvV9.o:conftest.c:function main: error: undefined reference to '__gmpz_init'
collect2: error: ld returned 1 exit status
configure:3135: $? = 1
configure: failed program was:
| /* confdefs.h */
| #define PACKAGE_NAME "FULL-PACKAGE-NAME"
| #define PACKAGE_TARNAME "full-package-name"
| #define PACKAGE_VERSION "VERSION"
| #define PACKAGE_STRING "FULL-PACKAGE-NAME VERSION"
| #define PACKAGE_BUGREPORT "BUG-REPORT-ADDRESS"
| #define PACKAGE_URL ""
| /* end confdefs.h.  */
| 
| /* Override any GCC internal prototype to avoid an error.
|    Use char because int might match the return type of a GCC
|    builtin and then its argument prototype would still apply.  */
| #ifdef __cplusplus
| extern "C"
| #endif
| char __gmpz_init ();
| int
| main ()
| {
| return __gmpz_init ();
|   ;
|   return 0;
| }
configure:3144: result: no
configure:3166: checking for __gmpz_init in -lmpir
configure:3191: arm-linux-androideabi-gcc -DANDROID -mandroid -fomit-frame-pointer --sysroot /opt/crystax-ndk-10.3.1/platforms/android-15/arch-arm -I/opt/crystax-ndk-10.3.1/sources/python/3.5/include/python -o conftest -DANDROID -mandroid -fomit-frame-pointer --sysroot /opt/crystax-ndk-10.3.1/platforms/android-15/arch-arm -I/opt/crystax-ndk-10.3.1/sources/python/3.5/include/python -march=armv7-a -mfloat-abi=softfp -mfpu=vfp -mthumb  -lm -L/opt/crystax-ndk-10.3.1/sources/python/3.5/libs/armeabi-v7a -L/opt/crystax-ndk-10.3.1/sources/crystax/libs/armeabi-v7a -lcrystax conftest.c -lmpir   >&5
/opt/crystax-ndk-10.3.1/toolchains/arm-linux-androideabi-5/prebuilt/linux-x86_64/bin/../lib/gcc/arm-linux-androideabi/5.3/../../../../arm-linux-androideabi/bin/ld: error: cannot find -lmpir
/tmp/ccvHnRBe.o:conftest.c:function main: error: undefined reference to '__gmpz_init'
collect2: error: ld returned 1 exit status
configure:3191: $? = 1
configure: failed program was:
| /* confdefs.h */
| #define PACKAGE_NAME "FULL-PACKAGE-NAME"
| #define PACKAGE_TARNAME "full-package-name"
| #define PACKAGE_VERSION "VERSION"
| #define PACKAGE_STRING "FULL-PACKAGE-NAME VERSION"
| #define PACKAGE_BUGREPORT "BUG-REPORT-ADDRESS"
| #define PACKAGE_URL ""
| /* end confdefs.h.  */
| 
| /* Override any GCC internal prototype to avoid an error.
|    Use char because int might match the return type of a GCC
|    builtin and then its argument prototype would still apply.  */
| #ifdef __cplusplus
| extern "C"
| #endif
| char __gmpz_init ();
| int
| main ()
| {
| return __gmpz_init ();
|   ;
|   return 0;
| }
configure:3200: result: no
configure:3214: checking whether mpz_powm is declared
configure:3214: arm-linux-androideabi-gcc -DANDROID -mandroid -fomit-frame-pointer --sysroot /opt/crystax-ndk-10.3.1/platforms/android-15/arch-arm -I/opt/crystax-ndk-10.3.1/sources/python/3.5/include/python -c -DANDROID -mandroid -fomit-frame-pointer --sysroot /opt/crystax-ndk-10.3.1/platforms/android-15/arch-arm -I/opt/crystax-ndk-10.3.1/sources/python/3.5/include/python -march=armv7-a -mfloat-abi=softfp -mfpu=vfp -mthumb  conftest.c >&5
conftest.c: In function 'main':
conftest.c:24:10: error: 'mpz_powm' undeclared (first use in this function)
   (void) mpz_powm;
          ^
conftest.c:24:10: note: each undeclared identifier is reported only once for each function it appears in
configure:3214: $? = 1
configure: failed program was:
| /* confdefs.h */
| #define PACKAGE_NAME "FULL-PACKAGE-NAME"
| #define PACKAGE_TARNAME "full-package-name"
| #define PACKAGE_VERSION "VERSION"
| #define PACKAGE_STRING "FULL-PACKAGE-NAME VERSION"
| #define PACKAGE_BUGREPORT "BUG-REPORT-ADDRESS"
| #define PACKAGE_URL ""
| /* end confdefs.h.  */
| 
| #if HAVE_LIBGMP
| # include <gmp.h>
| #elif HAVE_LIBMPIR
| # include <mpir.h>
| #endif
| 
| 
| int
| main ()
| {
| #ifndef mpz_powm
| #ifdef __cplusplus
|   (void) mpz_powm;
| #else
|   (void) mpz_powm;
| #endif
| #endif
| 
|   ;
|   return 0;
| }
configure:3214: result: no
configure:3232: checking whether mpz_powm_sec is declared
configure:3232: arm-linux-androideabi-gcc -DANDROID -mandroid -fomit-frame-pointer --sysroot /opt/crystax-ndk-10.3.1/platforms/android-15/arch-arm -I/opt/crystax-ndk-10.3.1/sources/python/3.5/include/python -c -DANDROID -mandroid -fomit-frame-pointer --sysroot /opt/crystax-ndk-10.3.1/platforms/android-15/arch-arm -I/opt/crystax-ndk-10.3.1/sources/python/3.5/include/python -march=armv7-a -mfloat-abi=softfp -mfpu=vfp -mthumb  conftest.c >&5
conftest.c: In function 'main':
conftest.c:25:10: error: 'mpz_powm_sec' undeclared (first use in this function)
   (void) mpz_powm_sec;
          ^
conftest.c:25:10: note: each undeclared identifier is reported only once for each function it appears in
configure:3232: $? = 1
configure: failed program was:
| /* confdefs.h */
| #define PACKAGE_NAME "FULL-PACKAGE-NAME"
| #define PACKAGE_TARNAME "full-package-name"
| #define PACKAGE_VERSION "VERSION"
| #define PACKAGE_STRING "FULL-PACKAGE-NAME VERSION"
| #define PACKAGE_BUGREPORT "BUG-REPORT-ADDRESS"
| #define PACKAGE_URL ""
| #define HAVE_DECL_MPZ_POWM 0
| /* end confdefs.h.  */
| 
| #if HAVE_LIBGMP
| # include <gmp.h>
| #elif HAVE_LIBMPIR
| # include <mpir.h>
| #endif
| 
| 
| int
| main ()
| {
| #ifndef mpz_powm_sec
| #ifdef __cplusplus
|   (void) mpz_powm_sec;
| #else
|   (void) mpz_powm_sec;
| #endif
| #endif
| 
|   ;
|   return 0;
| }
configure:3232: result: no
configure:3257: checking how to run the C preprocessor
configure:3288: arm-linux-androideabi-gcc -DANDROID -mandroid -fomit-frame-pointer --sysroot /opt/crystax-ndk-10.3.1/platforms/android-15/arch-arm -I/opt/crystax-ndk-10.3.1/sources/python/3.5/include/python -E  conftest.c
configure:3288: $? = 0
configure:3302: arm-linux-androideabi-gcc -DANDROID -mandroid -fomit-frame-pointer --sysroot /opt/crystax-ndk-10.3.1/platforms/android-15/arch-arm -I/opt/crystax-ndk-10.3.1/sources/python/3.5/include/python -E  conftest.c
conftest.c:11:28: fatal error: ac_nonexistent.h: No such file or directory
compilation terminated.
configure:3302: $? = 1
configure: failed program was:
| /* confdefs.h */
| #define PACKAGE_NAME "FULL-PACKAGE-NAME"
| #define PACKAGE_TARNAME "full-package-name"
| #define PACKAGE_VERSION "VERSION"
| #define PACKAGE_STRING "FULL-PACKAGE-NAME VERSION"
| #define PACKAGE_BUGREPORT "BUG-REPORT-ADDRESS"
| #define PACKAGE_URL ""
| #define HAVE_DECL_MPZ_POWM 0
| #define HAVE_DECL_MPZ_POWM_SEC 0
| /* end confdefs.h.  */
| #include <ac_nonexistent.h>
configure:3327: result: arm-linux-androideabi-gcc -DANDROID -mandroid -fomit-frame-pointer --sysroot /opt/crystax-ndk-10.3.1/platforms/android-15/arch-arm -I/opt/crystax-ndk-10.3.1/sources/python/3.5/include/python -E
configure:3347: arm-linux-androideabi-gcc -DANDROID -mandroid -fomit-frame-pointer --sysroot /opt/crystax-ndk-10.3.1/platforms/android-15/arch-arm -I/opt/crystax-ndk-10.3.1/sources/python/3.5/include/python -E  conftest.c
configure:3347: $? = 0
configure:3361: arm-linux-androideabi-gcc -DANDROID -mandroid -fomit-frame-pointer --sysroot /opt/crystax-ndk-10.3.1/platforms/android-15/arch-arm -I/opt/crystax-ndk-10.3.1/sources/python/3.5/include/python -E  conftest.c
conftest.c:11:28: fatal error: ac_nonexistent.h: No such file or directory
compilation terminated.
configure:3361: $? = 1
configure: failed program was:
| /* confdefs.h */
| #define PACKAGE_NAME "FULL-PACKAGE-NAME"
| #define PACKAGE_TARNAME "full-package-name"
| #define PACKAGE_VERSION "VERSION"
| #define PACKAGE_STRING "FULL-PACKAGE-NAME VERSION"
| #define PACKAGE_BUGREPORT "BUG-REPORT-ADDRESS"
| #define PACKAGE_URL ""
| #define HAVE_DECL_MPZ_POWM 0
| #define HAVE_DECL_MPZ_POWM_SEC 0
| /* end confdefs.h.  */
| #include <ac_nonexistent.h>
configure:3390: checking for grep that handles long lines and -e
configure:3448: result: /usr/bin/grep
configure:3453: checking for egrep
configure:3515: result: /usr/bin/grep -E
configure:3520: checking for ANSI C header files
configure:3540: arm-linux-androideabi-gcc -DANDROID -mandroid -fomit-frame-pointer --sysroot /opt/crystax-ndk-10.3.1/platforms/android-15/arch-arm -I/opt/crystax-ndk-10.3.1/sources/python/3.5/include/python -c -DANDROID -mandroid -fomit-frame-pointer --sysroot /opt/crystax-ndk-10.3.1/platforms/android-15/arch-arm -I/opt/crystax-ndk-10.3.1/sources/python/3.5/include/python -march=armv7-a -mfloat-abi=softfp -mfpu=vfp -mthumb  conftest.c >&5
configure:3540: $? = 0
configure:3624: result: yes
configure:3637: checking for sys/types.h
configure:3637: arm-linux-androideabi-gcc -DANDROID -mandroid -fomit-frame-pointer --sysroot /opt/crystax-ndk-10.3.1/platforms/android-15/arch-arm -I/opt/crystax-ndk-10.3.1/sources/python/3.5/include/python -c -DANDROID -mandroid -fomit-frame-pointer --sysroot /opt/crystax-ndk-10.3.1/platforms/android-15/arch-arm -I/opt/crystax-ndk-10.3.1/sources/python/3.5/include/python -march=armv7-a -mfloat-abi=softfp -mfpu=vfp -mthumb  conftest.c >&5
configure:3637: $? = 0
configure:3637: result: yes
configure:3637: checking for sys/stat.h
configure:3637: arm-linux-androideabi-gcc -DANDROID -mandroid -fomit-frame-pointer --sysroot /opt/crystax-ndk-10.3.1/platforms/android-15/arch-arm -I/opt/crystax-ndk-10.3.1/sources/python/3.5/include/python -c -DANDROID -mandroid -fomit-frame-pointer --sysroot /opt/crystax-ndk-10.3.1/platforms/android-15/arch-arm -I/opt/crystax-ndk-10.3.1/sources/python/3.5/include/python -march=armv7-a -mfloat-abi=softfp -mfpu=vfp -mthumb  conftest.c >&5
configure:3637: $? = 0
configure:3637: result: yes
configure:3637: checking for stdlib.h
configure:3637: arm-linux-androideabi-gcc -DANDROID -mandroid -fomit-frame-pointer --sysroot /opt/crystax-ndk-10.3.1/platforms/android-15/arch-arm -I/opt/crystax-ndk-10.3.1/sources/python/3.5/include/python -c -DANDROID -mandroid -fomit-frame-pointer --sysroot /opt/crystax-ndk-10.3.1/platforms/android-15/arch-arm -I/opt/crystax-ndk-10.3.1/sources/python/3.5/include/python -march=armv7-a -mfloat-abi=softfp -mfpu=vfp -mthumb  conftest.c >&5
configure:3637: $? = 0
configure:3637: result: yes
configure:3637: checking for string.h
configure:3637: arm-linux-androideabi-gcc -DANDROID -mandroid -fomit-frame-pointer --sysroot /opt/crystax-ndk-10.3.1/platforms/android-15/arch-arm -I/opt/crystax-ndk-10.3.1/sources/python/3.5/include/python -c -DANDROID -mandroid -fomit-frame-pointer --sysroot /opt/crystax-ndk-10.3.1/platforms/android-15/arch-arm -I/opt/crystax-ndk-10.3.1/sources/python/3.5/include/python -march=armv7-a -mfloat-abi=softfp -mfpu=vfp -mthumb  conftest.c >&5
configure:3637: $? = 0
configure:3637: result: yes
configure:3637: checking for memory.h
configure:3637: arm-linux-androideabi-gcc -DANDROID -mandroid -fomit-frame-pointer --sysroot /opt/crystax-ndk-10.3.1/platforms/android-15/arch-arm -I/opt/crystax-ndk-10.3.1/sources/python/3.5/include/python -c -DANDROID -mandroid -fomit-frame-pointer --sysroot /opt/crystax-ndk-10.3.1/platforms/android-15/arch-arm -I/opt/crystax-ndk-10.3.1/sources/python/3.5/include/python -march=armv7-a -mfloat-abi=softfp -mfpu=vfp -mthumb  conftest.c >&5
configure:3637: $? = 0
configure:3637: result: yes
configure:3637: checking for strings.h
configure:3637: arm-linux-androideabi-gcc -DANDROID -mandroid -fomit-frame-pointer --sysroot /opt/crystax-ndk-10.3.1/platforms/android-15/arch-arm -I/opt/crystax-ndk-10.3.1/sources/python/3.5/include/python -c -DANDROID -mandroid -fomit-frame-pointer --sysroot /opt/crystax-ndk-10.3.1/platforms/android-15/arch-arm -I/opt/crystax-ndk-10.3.1/sources/python/3.5/include/python -march=armv7-a -mfloat-abi=softfp -mfpu=vfp -mthumb  conftest.c >&5
configure:3637: $? = 0
configure:3637: result: yes
configure:3637: checking for inttypes.h
configure:3637: arm-linux-androideabi-gcc -DANDROID -mandroid -fomit-frame-pointer --sysroot /opt/crystax-ndk-10.3.1/platforms/android-15/arch-arm -I/opt/crystax-ndk-10.3.1/sources/python/3.5/include/python -c -DANDROID -mandroid -fomit-frame-pointer --sysroot /opt/crystax-ndk-10.3.1/platforms/android-15/arch-arm -I/opt/crystax-ndk-10.3.1/sources/python/3.5/include/python -march=armv7-a -mfloat-abi=softfp -mfpu=vfp -mthumb  conftest.c >&5
configure:3637: $? = 0
configure:3637: result: yes
configure:3637: checking for stdint.h
configure:3637: arm-linux-androideabi-gcc -DANDROID -mandroid -fomit-frame-pointer --sysroot /opt/crystax-ndk-10.3.1/platforms/android-15/arch-arm -I/opt/crystax-ndk-10.3.1/sources/python/3.5/include/python -c -DANDROID -mandroid -fomit-frame-pointer --sysroot /opt/crystax-ndk-10.3.1/platforms/android-15/arch-arm -I/opt/crystax-ndk-10.3.1/sources/python/3.5/include/python -march=armv7-a -mfloat-abi=softfp -mfpu=vfp -mthumb  conftest.c >&5
configure:3637: $? = 0
configure:3637: result: yes
configure:3637: checking for unistd.h
configure:3637: arm-linux-androideabi-gcc -DANDROID -mandroid -fomit-frame-pointer --sysroot /opt/crystax-ndk-10.3.1/platforms/android-15/arch-arm -I/opt/crystax-ndk-10.3.1/sources/python/3.5/include/python -c -DANDROID -mandroid -fomit-frame-pointer --sysroot /opt/crystax-ndk-10.3.1/platforms/android-15/arch-arm -I/opt/crystax-ndk-10.3.1/sources/python/3.5/include/python -march=armv7-a -mfloat-abi=softfp -mfpu=vfp -mthumb  conftest.c >&5
configure:3637: $? = 0
configure:3637: result: yes
configure:3652: checking for inttypes.h
configure:3652: result: yes
configure:3652: checking limits.h usability
configure:3652: arm-linux-androideabi-gcc -DANDROID -mandroid -fomit-frame-pointer --sysroot /opt/crystax-ndk-10.3.1/platforms/android-15/arch-arm -I/opt/crystax-ndk-10.3.1/sources/python/3.5/include/python -c -DANDROID -mandroid -fomit-frame-pointer --sysroot /opt/crystax-ndk-10.3.1/platforms/android-15/arch-arm -I/opt/crystax-ndk-10.3.1/sources/python/3.5/include/python -march=armv7-a -mfloat-abi=softfp -mfpu=vfp -mthumb  conftest.c >&5
configure:3652: $? = 0
configure:3652: result: yes
configure:3652: checking limits.h presence
configure:3652: arm-linux-androideabi-gcc -DANDROID -mandroid -fomit-frame-pointer --sysroot /opt/crystax-ndk-10.3.1/platforms/android-15/arch-arm -I/opt/crystax-ndk-10.3.1/sources/python/3.5/include/python -E  conftest.c
configure:3652: $? = 0
configure:3652: result: yes
configure:3652: checking for limits.h
configure:3652: result: yes
configure:3652: checking stddef.h usability
configure:3652: arm-linux-androideabi-gcc -DANDROID -mandroid -fomit-frame-pointer --sysroot /opt/crystax-ndk-10.3.1/platforms/android-15/arch-arm -I/opt/crystax-ndk-10.3.1/sources/python/3.5/include/python -c -DANDROID -mandroid -fomit-frame-pointer --sysroot /opt/crystax-ndk-10.3.1/platforms/android-15/arch-arm -I/opt/crystax-ndk-10.3.1/sources/python/3.5/include/python -march=armv7-a -mfloat-abi=softfp -mfpu=vfp -mthumb  conftest.c >&5
configure:3652: $? = 0
configure:3652: result: yes
configure:3652: checking stddef.h presence
configure:3652: arm-linux-androideabi-gcc -DANDROID -mandroid -fomit-frame-pointer --sysroot /opt/crystax-ndk-10.3.1/platforms/android-15/arch-arm -I/opt/crystax-ndk-10.3.1/sources/python/3.5/include/python -E  conftest.c
configure:3652: $? = 0
configure:3652: result: yes
configure:3652: checking for stddef.h
configure:3652: result: yes
configure:3652: checking for stdint.h
configure:3652: result: yes
configure:3652: checking for stdlib.h
configure:3652: result: yes
configure:3652: checking for string.h
configure:3652: result: yes
configure:3652: checking wchar.h usability
configure:3652: arm-linux-androideabi-gcc -DANDROID -mandroid -fomit-frame-pointer --sysroot /opt/crystax-ndk-10.3.1/platforms/android-15/arch-arm -I/opt/crystax-ndk-10.3.1/sources/python/3.5/include/python -c -DANDROID -mandroid -fomit-frame-pointer --sysroot /opt/crystax-ndk-10.3.1/platforms/android-15/arch-arm -I/opt/crystax-ndk-10.3.1/sources/python/3.5/include/python -march=armv7-a -mfloat-abi=softfp -mfpu=vfp -mthumb  conftest.c >&5
configure:3652: $? = 0
configure:3652: result: yes
configure:3652: checking wchar.h presence
configure:3652: arm-linux-androideabi-gcc -DANDROID -mandroid -fomit-frame-pointer --sysroot /opt/crystax-ndk-10.3.1/platforms/android-15/arch-arm -I/opt/crystax-ndk-10.3.1/sources/python/3.5/include/python -E  conftest.c
configure:3652: $? = 0
configure:3652: result: yes
configure:3652: checking for wchar.h
configure:3652: result: yes
configure:3664: checking for inline
configure:3680: arm-linux-androideabi-gcc -DANDROID -mandroid -fomit-frame-pointer --sysroot /opt/crystax-ndk-10.3.1/platforms/android-15/arch-arm -I/opt/crystax-ndk-10.3.1/sources/python/3.5/include/python -c -DANDROID -mandroid -fomit-frame-pointer --sysroot /opt/crystax-ndk-10.3.1/platforms/android-15/arch-arm -I/opt/crystax-ndk-10.3.1/sources/python/3.5/include/python -march=armv7-a -mfloat-abi=softfp -mfpu=vfp -mthumb  conftest.c >&5
configure:3680: $? = 0
configure:3688: result: inline
configure:3706: checking for int16_t
configure:3706: arm-linux-androideabi-gcc -DANDROID -mandroid -fomit-frame-pointer --sysroot /opt/crystax-ndk-10.3.1/platforms/android-15/arch-arm -I/opt/crystax-ndk-10.3.1/sources/python/3.5/include/python -c -DANDROID -mandroid -fomit-frame-pointer --sysroot /opt/crystax-ndk-10.3.1/platforms/android-15/arch-arm -I/opt/crystax-ndk-10.3.1/sources/python/3.5/include/python -march=armv7-a -mfloat-abi=softfp -mfpu=vfp -mthumb  conftest.c >&5
configure:3706: $? = 0
configure:3706: arm-linux-androideabi-gcc -DANDROID -mandroid -fomit-frame-pointer --sysroot /opt/crystax-ndk-10.3.1/platforms/android-15/arch-arm -I/opt/crystax-ndk-10.3.1/sources/python/3.5/include/python -c -DANDROID -mandroid -fomit-frame-pointer --sysroot /opt/crystax-ndk-10.3.1/platforms/android-15/arch-arm -I/opt/crystax-ndk-10.3.1/sources/python/3.5/include/python -march=armv7-a -mfloat-abi=softfp -mfpu=vfp -mthumb  conftest.c >&5
conftest.c: In function 'main':
conftest.c:65:12: error: size of array 'test_array' is negative
 static int test_array [1 - 2 * !((int16_t) (((((int16_t) 1 << N) << N) - 1) * 2 + 1)
            ^
configure:3706: $? = 1
configure: failed program was:
| /* confdefs.h */
| #define PACKAGE_NAME "FULL-PACKAGE-NAME"
| #define PACKAGE_TARNAME "full-package-name"
| #define PACKAGE_VERSION "VERSION"
| #define PACKAGE_STRING "FULL-PACKAGE-NAME VERSION"
| #define PACKAGE_BUGREPORT "BUG-REPORT-ADDRESS"
| #define PACKAGE_URL ""
| #define HAVE_DECL_MPZ_POWM 0
| #define HAVE_DECL_MPZ_POWM_SEC 0
| #define STDC_HEADERS 1
| #define HAVE_SYS_TYPES_H 1
| #define HAVE_SYS_STAT_H 1
| #define HAVE_STDLIB_H 1
| #define HAVE_STRING_H 1
| #define HAVE_MEMORY_H 1
| #define HAVE_STRINGS_H 1
| #define HAVE_INTTYPES_H 1
| #define HAVE_STDINT_H 1
| #define HAVE_UNISTD_H 1
| #define HAVE_INTTYPES_H 1
| #define HAVE_LIMITS_H 1
| #define HAVE_STDDEF_H 1
| #define HAVE_STDINT_H 1
| #define HAVE_STDLIB_H 1
| #define HAVE_STRING_H 1
| #define HAVE_WCHAR_H 1
| /* end confdefs.h.  */
| #include <stdio.h>
| #ifdef HAVE_SYS_TYPES_H
| # include <sys/types.h>
| #endif
| #ifdef HAVE_SYS_STAT_H
| # include <sys/stat.h>
| #endif
| #ifdef STDC_HEADERS
| # include <stdlib.h>
| # include <stddef.h>
| #else
| # ifdef HAVE_STDLIB_H
| #  include <stdlib.h>
| # endif
| #endif
| #ifdef HAVE_STRING_H
| # if !defined STDC_HEADERS && defined HAVE_MEMORY_H
| #  include <memory.h>
| # endif
| # include <string.h>
| #endif
| #ifdef HAVE_STRINGS_H
| # include <strings.h>
| #endif
| #ifdef HAVE_INTTYPES_H
| # include <inttypes.h>
| #endif
| #ifdef HAVE_STDINT_H
| # include <stdint.h>
| #endif
| #ifdef HAVE_UNISTD_H
| # include <unistd.h>
| #endif
| 	        enum { N = 16 / 2 - 1 };
| int
| main ()
| {
| static int test_array [1 - 2 * !((int16_t) (((((int16_t) 1 << N) << N) - 1) * 2 + 1)
| 		 < (int16_t) (((((int16_t) 1 << N) << N) - 1) * 2 + 2))];
| test_array [0] = 0
| 
|   ;
|   return 0;
| }
configure:3706: result: yes
configure:3717: checking for int32_t
configure:3717: arm-linux-androideabi-gcc -DANDROID -mandroid -fomit-frame-pointer --sysroot /opt/crystax-ndk-10.3.1/platforms/android-15/arch-arm -I/opt/crystax-ndk-10.3.1/sources/python/3.5/include/python -c -DANDROID -mandroid -fomit-frame-pointer --sysroot /opt/crystax-ndk-10.3.1/platforms/android-15/arch-arm -I/opt/crystax-ndk-10.3.1/sources/python/3.5/include/python -march=armv7-a -mfloat-abi=softfp -mfpu=vfp -mthumb  conftest.c >&5
configure:3717: $? = 0
configure:3717: arm-linux-androideabi-gcc -DANDROID -mandroid -fomit-frame-pointer --sysroot /opt/crystax-ndk-10.3.1/platforms/android-15/arch-arm -I/opt/crystax-ndk-10.3.1/sources/python/3.5/include/python -c -DANDROID -mandroid -fomit-frame-pointer --sysroot /opt/crystax-ndk-10.3.1/platforms/android-15/arch-arm -I/opt/crystax-ndk-10.3.1/sources/python/3.5/include/python -march=armv7-a -mfloat-abi=softfp -mfpu=vfp -mthumb  conftest.c >&5
conftest.c: In function 'main':
conftest.c:66:53: warning: integer overflow in expression [-Woverflow]
    < (int32_t) (((((int32_t) 1 << N) << N) - 1) * 2 + 2))];
                                                     ^
conftest.c:65:12: error: storage size of 'test_array' isn't constant
 static int test_array [1 - 2 * !((int32_t) (((((int32_t) 1 << N) << N) - 1) * 2 + 1)
            ^
configure:3717: $? = 1
configure: failed program was:
| /* confdefs.h */
| #define PACKAGE_NAME "FULL-PACKAGE-NAME"
| #define PACKAGE_TARNAME "full-package-name"
| #define PACKAGE_VERSION "VERSION"
| #define PACKAGE_STRING "FULL-PACKAGE-NAME VERSION"
| #define PACKAGE_BUGREPORT "BUG-REPORT-ADDRESS"
| #define PACKAGE_URL ""
| #define HAVE_DECL_MPZ_POWM 0
| #define HAVE_DECL_MPZ_POWM_SEC 0
| #define STDC_HEADERS 1
| #define HAVE_SYS_TYPES_H 1
| #define HAVE_SYS_STAT_H 1
| #define HAVE_STDLIB_H 1
| #define HAVE_STRING_H 1
| #define HAVE_MEMORY_H 1
| #define HAVE_STRINGS_H 1
| #define HAVE_INTTYPES_H 1
| #define HAVE_STDINT_H 1
| #define HAVE_UNISTD_H 1
| #define HAVE_INTTYPES_H 1
| #define HAVE_LIMITS_H 1
| #define HAVE_STDDEF_H 1
| #define HAVE_STDINT_H 1
| #define HAVE_STDLIB_H 1
| #define HAVE_STRING_H 1
| #define HAVE_WCHAR_H 1
| /* end confdefs.h.  */
| #include <stdio.h>
| #ifdef HAVE_SYS_TYPES_H
| # include <sys/types.h>
| #endif
| #ifdef HAVE_SYS_STAT_H
| # include <sys/stat.h>
| #endif
| #ifdef STDC_HEADERS
| # include <stdlib.h>
| # include <stddef.h>
| #else
| # ifdef HAVE_STDLIB_H
| #  include <stdlib.h>
| # endif
| #endif
| #ifdef HAVE_STRING_H
| # if !defined STDC_HEADERS && defined HAVE_MEMORY_H
| #  include <memory.h>
| # endif
| # include <string.h>
| #endif
| #ifdef HAVE_STRINGS_H
| # include <strings.h>
| #endif
| #ifdef HAVE_INTTYPES_H
| # include <inttypes.h>
| #endif
| #ifdef HAVE_STDINT_H
| # include <stdint.h>
| #endif
| #ifdef HAVE_UNISTD_H
| # include <unistd.h>
| #endif
| 	        enum { N = 32 / 2 - 1 };
| int
| main ()
| {
| static int test_array [1 - 2 * !((int32_t) (((((int32_t) 1 << N) << N) - 1) * 2 + 1)
| 		 < (int32_t) (((((int32_t) 1 << N) << N) - 1) * 2 + 2))];
| test_array [0] = 0
| 
|   ;
|   return 0;
| }
configure:3717: result: yes
configure:3728: checking for int64_t
configure:3728: arm-linux-androideabi-gcc -DANDROID -mandroid -fomit-frame-pointer --sysroot /opt/crystax-ndk-10.3.1/platforms/android-15/arch-arm -I/opt/crystax-ndk-10.3.1/sources/python/3.5/include/python -c -DANDROID -mandroid -fomit-frame-pointer --sysroot /opt/crystax-ndk-10.3.1/platforms/android-15/arch-arm -I/opt/crystax-ndk-10.3.1/sources/python/3.5/include/python -march=armv7-a -mfloat-abi=softfp -mfpu=vfp -mthumb  conftest.c >&5
configure:3728: $? = 0
configure:3728: arm-linux-androideabi-gcc -DANDROID -mandroid -fomit-frame-pointer --sysroot /opt/crystax-ndk-10.3.1/platforms/android-15/arch-arm -I/opt/crystax-ndk-10.3.1/sources/python/3.5/include/python -c -DANDROID -mandroid -fomit-frame-pointer --sysroot /opt/crystax-ndk-10.3.1/platforms/android-15/arch-arm -I/opt/crystax-ndk-10.3.1/sources/python/3.5/include/python -march=armv7-a -mfloat-abi=softfp -mfpu=vfp -mthumb  conftest.c >&5
conftest.c: In function 'main':
conftest.c:66:53: warning: integer overflow in expression [-Woverflow]
    < (int64_t) (((((int64_t) 1 << N) << N) - 1) * 2 + 2))];
                                                     ^
conftest.c:65:12: error: storage size of 'test_array' isn't constant
 static int test_array [1 - 2 * !((int64_t) (((((int64_t) 1 << N) << N) - 1) * 2 + 1)
            ^
configure:3728: $? = 1
configure: failed program was:
| /* confdefs.h */
| #define PACKAGE_NAME "FULL-PACKAGE-NAME"
| #define PACKAGE_TARNAME "full-package-name"
| #define PACKAGE_VERSION "VERSION"
| #define PACKAGE_STRING "FULL-PACKAGE-NAME VERSION"
| #define PACKAGE_BUGREPORT "BUG-REPORT-ADDRESS"
| #define PACKAGE_URL ""
| #define HAVE_DECL_MPZ_POWM 0
| #define HAVE_DECL_MPZ_POWM_SEC 0
| #define STDC_HEADERS 1
| #define HAVE_SYS_TYPES_H 1
| #define HAVE_SYS_STAT_H 1
| #define HAVE_STDLIB_H 1
| #define HAVE_STRING_H 1
| #define HAVE_MEMORY_H 1
| #define HAVE_STRINGS_H 1
| #define HAVE_INTTYPES_H 1
| #define HAVE_STDINT_H 1
| #define HAVE_UNISTD_H 1
| #define HAVE_INTTYPES_H 1
| #define HAVE_LIMITS_H 1
| #define HAVE_STDDEF_H 1
| #define HAVE_STDINT_H 1
| #define HAVE_STDLIB_H 1
| #define HAVE_STRING_H 1
| #define HAVE_WCHAR_H 1
| /* end confdefs.h.  */
| #include <stdio.h>
| #ifdef HAVE_SYS_TYPES_H
| # include <sys/types.h>
| #endif
| #ifdef HAVE_SYS_STAT_H
| # include <sys/stat.h>
| #endif
| #ifdef STDC_HEADERS
| # include <stdlib.h>
| # include <stddef.h>
| #else
| # ifdef HAVE_STDLIB_H
| #  include <stdlib.h>
| # endif
| #endif
| #ifdef HAVE_STRING_H
| # if !defined STDC_HEADERS && defined HAVE_MEMORY_H
| #  include <memory.h>
| # endif
| # include <string.h>
| #endif
| #ifdef HAVE_STRINGS_H
| # include <strings.h>
| #endif
| #ifdef HAVE_INTTYPES_H
| # include <inttypes.h>
| #endif
| #ifdef HAVE_STDINT_H
| # include <stdint.h>
| #endif
| #ifdef HAVE_UNISTD_H
| # include <unistd.h>
| #endif
| 	        enum { N = 64 / 2 - 1 };
| int
| main ()
| {
| static int test_array [1 - 2 * !((int64_t) (((((int64_t) 1 << N) << N) - 1) * 2 + 1)
| 		 < (int64_t) (((((int64_t) 1 << N) << N) - 1) * 2 + 2))];
| test_array [0] = 0
| 
|   ;
|   return 0;
| }
configure:3728: result: yes
configure:3739: checking for int8_t
configure:3739: arm-linux-androideabi-gcc -DANDROID -mandroid -fomit-frame-pointer --sysroot /opt/crystax-ndk-10.3.1/platforms/android-15/arch-arm -I/opt/crystax-ndk-10.3.1/sources/python/3.5/include/python -c -DANDROID -mandroid -fomit-frame-pointer --sysroot /opt/crystax-ndk-10.3.1/platforms/android-15/arch-arm -I/opt/crystax-ndk-10.3.1/sources/python/3.5/include/python -march=armv7-a -mfloat-abi=softfp -mfpu=vfp -mthumb  conftest.c >&5
configure:3739: $? = 0
configure:3739: arm-linux-androideabi-gcc -DANDROID -mandroid -fomit-frame-pointer --sysroot /opt/crystax-ndk-10.3.1/platforms/android-15/arch-arm -I/opt/crystax-ndk-10.3.1/sources/python/3.5/include/python -c -DANDROID -mandroid -fomit-frame-pointer --sysroot /opt/crystax-ndk-10.3.1/platforms/android-15/arch-arm -I/opt/crystax-ndk-10.3.1/sources/python/3.5/include/python -march=armv7-a -mfloat-abi=softfp -mfpu=vfp -mthumb  conftest.c >&5
conftest.c: In function 'main':
conftest.c:65:12: error: size of array 'test_array' is negative
 static int test_array [1 - 2 * !((int8_t) (((((int8_t) 1 << N) << N) - 1) * 2 + 1)
            ^
configure:3739: $? = 1
configure: failed program was:
| /* confdefs.h */
| #define PACKAGE_NAME "FULL-PACKAGE-NAME"
| #define PACKAGE_TARNAME "full-package-name"
| #define PACKAGE_VERSION "VERSION"
| #define PACKAGE_STRING "FULL-PACKAGE-NAME VERSION"
| #define PACKAGE_BUGREPORT "BUG-REPORT-ADDRESS"
| #define PACKAGE_URL ""
| #define HAVE_DECL_MPZ_POWM 0
| #define HAVE_DECL_MPZ_POWM_SEC 0
| #define STDC_HEADERS 1
| #define HAVE_SYS_TYPES_H 1
| #define HAVE_SYS_STAT_H 1
| #define HAVE_STDLIB_H 1
| #define HAVE_STRING_H 1
| #define HAVE_MEMORY_H 1
| #define HAVE_STRINGS_H 1
| #define HAVE_INTTYPES_H 1
| #define HAVE_STDINT_H 1
| #define HAVE_UNISTD_H 1
| #define HAVE_INTTYPES_H 1
| #define HAVE_LIMITS_H 1
| #define HAVE_STDDEF_H 1
| #define HAVE_STDINT_H 1
| #define HAVE_STDLIB_H 1
| #define HAVE_STRING_H 1
| #define HAVE_WCHAR_H 1
| /* end confdefs.h.  */
| #include <stdio.h>
| #ifdef HAVE_SYS_TYPES_H
| # include <sys/types.h>
| #endif
| #ifdef HAVE_SYS_STAT_H
| # include <sys/stat.h>
| #endif
| #ifdef STDC_HEADERS
| # include <stdlib.h>
| # include <stddef.h>
| #else
| # ifdef HAVE_STDLIB_H
| #  include <stdlib.h>
| # endif
| #endif
| #ifdef HAVE_STRING_H
| # if !defined STDC_HEADERS && defined HAVE_MEMORY_H
| #  include <memory.h>
| # endif
| # include <string.h>
| #endif
| #ifdef HAVE_STRINGS_H
| # include <strings.h>
| #endif
| #ifdef HAVE_INTTYPES_H
| # include <inttypes.h>
| #endif
| #ifdef HAVE_STDINT_H
| # include <stdint.h>
| #endif
| #ifdef HAVE_UNISTD_H
| # include <unistd.h>
| #endif
| 	        enum { N = 8 / 2 - 1 };
| int
| main ()
| {
| static int test_array [1 - 2 * !((int8_t) (((((int8_t) 1 << N) << N) - 1) * 2 + 1)
| 		 < (int8_t) (((((int8_t) 1 << N) << N) - 1) * 2 + 2))];
| test_array [0] = 0
| 
|   ;
|   return 0;
| }
configure:3739: result: yes
configure:3750: checking for size_t
configure:3750: arm-linux-androideabi-gcc -DANDROID -mandroid -fomit-frame-pointer --sysroot /opt/crystax-ndk-10.3.1/platforms/android-15/arch-arm -I/opt/crystax-ndk-10.3.1/sources/python/3.5/include/python -c -DANDROID -mandroid -fomit-frame-pointer --sysroot /opt/crystax-ndk-10.3.1/platforms/android-15/arch-arm -I/opt/crystax-ndk-10.3.1/sources/python/3.5/include/python -march=armv7-a -mfloat-abi=softfp -mfpu=vfp -mthumb  conftest.c >&5
configure:3750: $? = 0
configure:3750: arm-linux-androideabi-gcc -DANDROID -mandroid -fomit-frame-pointer --sysroot /opt/crystax-ndk-10.3.1/platforms/android-15/arch-arm -I/opt/crystax-ndk-10.3.1/sources/python/3.5/include/python -c -DANDROID -mandroid -fomit-frame-pointer --sysroot /opt/crystax-ndk-10.3.1/platforms/android-15/arch-arm -I/opt/crystax-ndk-10.3.1/sources/python/3.5/include/python -march=armv7-a -mfloat-abi=softfp -mfpu=vfp -mthumb  conftest.c >&5
conftest.c: In function 'main':
conftest.c:64:21: error: expected expression before ')' token
 if (sizeof ((size_t)))
                     ^
configure:3750: $? = 1
configure: failed program was:
| /* confdefs.h */
| #define PACKAGE_NAME "FULL-PACKAGE-NAME"
| #define PACKAGE_TARNAME "full-package-name"
| #define PACKAGE_VERSION "VERSION"
| #define PACKAGE_STRING "FULL-PACKAGE-NAME VERSION"
| #define PACKAGE_BUGREPORT "BUG-REPORT-ADDRESS"
| #define PACKAGE_URL ""
| #define HAVE_DECL_MPZ_POWM 0
| #define HAVE_DECL_MPZ_POWM_SEC 0
| #define STDC_HEADERS 1
| #define HAVE_SYS_TYPES_H 1
| #define HAVE_SYS_STAT_H 1
| #define HAVE_STDLIB_H 1
| #define HAVE_STRING_H 1
| #define HAVE_MEMORY_H 1
| #define HAVE_STRINGS_H 1
| #define HAVE_INTTYPES_H 1
| #define HAVE_STDINT_H 1
| #define HAVE_UNISTD_H 1
| #define HAVE_INTTYPES_H 1
| #define HAVE_LIMITS_H 1
| #define HAVE_STDDEF_H 1
| #define HAVE_STDINT_H 1
| #define HAVE_STDLIB_H 1
| #define HAVE_STRING_H 1
| #define HAVE_WCHAR_H 1
| /* end confdefs.h.  */
| #include <stdio.h>
| #ifdef HAVE_SYS_TYPES_H
| # include <sys/types.h>
| #endif
| #ifdef HAVE_SYS_STAT_H
| # include <sys/stat.h>
| #endif
| #ifdef STDC_HEADERS
| # include <stdlib.h>
| # include <stddef.h>
| #else
| # ifdef HAVE_STDLIB_H
| #  include <stdlib.h>
| # endif
| #endif
| #ifdef HAVE_STRING_H
| # if !defined STDC_HEADERS && defined HAVE_MEMORY_H
| #  include <memory.h>
| # endif
| # include <string.h>
| #endif
| #ifdef HAVE_STRINGS_H
| # include <strings.h>
| #endif
| #ifdef HAVE_INTTYPES_H
| # include <inttypes.h>
| #endif
| #ifdef HAVE_STDINT_H
| # include <stdint.h>
| #endif
| #ifdef HAVE_UNISTD_H
| # include <unistd.h>
| #endif
| int
| main ()
| {
| if (sizeof ((size_t)))
| 	    return 0;
|   ;
|   return 0;
| }
configure:3750: result: yes
configure:3761: checking for uint16_t
configure:3761: arm-linux-androideabi-gcc -DANDROID -mandroid -fomit-frame-pointer --sysroot /opt/crystax-ndk-10.3.1/platforms/android-15/arch-arm -I/opt/crystax-ndk-10.3.1/sources/python/3.5/include/python -c -DANDROID -mandroid -fomit-frame-pointer --sysroot /opt/crystax-ndk-10.3.1/platforms/android-15/arch-arm -I/opt/crystax-ndk-10.3.1/sources/python/3.5/include/python -march=armv7-a -mfloat-abi=softfp -mfpu=vfp -mthumb  conftest.c >&5
configure:3761: $? = 0
configure:3761: result: yes
configure:3773: checking for uint32_t
configure:3773: arm-linux-androideabi-gcc -DANDROID -mandroid -fomit-frame-pointer --sysroot /opt/crystax-ndk-10.3.1/platforms/android-15/arch-arm -I/opt/crystax-ndk-10.3.1/sources/python/3.5/include/python -c -DANDROID -mandroid -fomit-frame-pointer --sysroot /opt/crystax-ndk-10.3.1/platforms/android-15/arch-arm -I/opt/crystax-ndk-10.3.1/sources/python/3.5/include/python -march=armv7-a -mfloat-abi=softfp -mfpu=vfp -mthumb  conftest.c >&5
configure:3773: $? = 0
configure:3773: result: yes
configure:3787: checking for uint64_t
configure:3787: arm-linux-androideabi-gcc -DANDROID -mandroid -fomit-frame-pointer --sysroot /opt/crystax-ndk-10.3.1/platforms/android-15/arch-arm -I/opt/crystax-ndk-10.3.1/sources/python/3.5/include/python -c -DANDROID -mandroid -fomit-frame-pointer --sysroot /opt/crystax-ndk-10.3.1/platforms/android-15/arch-arm -I/opt/crystax-ndk-10.3.1/sources/python/3.5/include/python -march=armv7-a -mfloat-abi=softfp -mfpu=vfp -mthumb  conftest.c >&5
configure:3787: $? = 0
configure:3787: result: yes
configure:3801: checking for uint8_t
configure:3801: arm-linux-androideabi-gcc -DANDROID -mandroid -fomit-frame-pointer --sysroot /opt/crystax-ndk-10.3.1/platforms/android-15/arch-arm -I/opt/crystax-ndk-10.3.1/sources/python/3.5/include/python -c -DANDROID -mandroid -fomit-frame-pointer --sysroot /opt/crystax-ndk-10.3.1/platforms/android-15/arch-arm -I/opt/crystax-ndk-10.3.1/sources/python/3.5/include/python -march=armv7-a -mfloat-abi=softfp -mfpu=vfp -mthumb  conftest.c >&5
configure:3801: $? = 0
configure:3801: result: yes
configure:3819: checking for stdlib.h
configure:3819: result: yes
configure:3829: checking for GNU libc compatible malloc
configure:3863: result: yes
configure:3887: checking for memmove
configure:3887: arm-linux-androideabi-gcc -DANDROID -mandroid -fomit-frame-pointer --sysroot /opt/crystax-ndk-10.3.1/platforms/android-15/arch-arm -I/opt/crystax-ndk-10.3.1/sources/python/3.5/include/python -o conftest -DANDROID -mandroid -fomit-frame-pointer --sysroot /opt/crystax-ndk-10.3.1/platforms/android-15/arch-arm -I/opt/crystax-ndk-10.3.1/sources/python/3.5/include/python -march=armv7-a -mfloat-abi=softfp -mfpu=vfp -mthumb  -lm -L/opt/crystax-ndk-10.3.1/sources/python/3.5/libs/armeabi-v7a -L/opt/crystax-ndk-10.3.1/sources/crystax/libs/armeabi-v7a -lcrystax conftest.c  >&5
conftest.c:53:6: warning: conflicting types for built-in function 'memmove'
 char memmove ();
      ^
configure:3887: $? = 0
configure:3887: result: yes
configure:3887: checking for memset
configure:3887: arm-linux-androideabi-gcc -DANDROID -mandroid -fomit-frame-pointer --sysroot /opt/crystax-ndk-10.3.1/platforms/android-15/arch-arm -I/opt/crystax-ndk-10.3.1/sources/python/3.5/include/python -o conftest -DANDROID -mandroid -fomit-frame-pointer --sysroot /opt/crystax-ndk-10.3.1/platforms/android-15/arch-arm -I/opt/crystax-ndk-10.3.1/sources/python/3.5/include/python -march=armv7-a -mfloat-abi=softfp -mfpu=vfp -mthumb  -lm -L/opt/crystax-ndk-10.3.1/sources/python/3.5/libs/armeabi-v7a -L/opt/crystax-ndk-10.3.1/sources/crystax/libs/armeabi-v7a -lcrystax conftest.c  >&5
conftest.c:54:6: warning: conflicting types for built-in function 'memset'
 char memset ();
      ^
configure:3887: $? = 0
configure:3887: result: yes
configure:4011: creating ./config.status

## ---------------------- ##
## Running config.status. ##
## ---------------------- ##

This file was extended by FULL-PACKAGE-NAME config.status VERSION, which was
generated by GNU Autoconf 2.68.  Invocation command line was

  CONFIG_FILES    = 
  CONFIG_HEADERS  = 
  CONFIG_LINKS    = 
  CONFIG_COMMANDS = 
  $ ./config.status 

on arch

config.status:699: creating src/config.h

## ---------------- ##
## Cache variables. ##
## ---------------- ##

ac_cv_c_compiler_gnu=yes
ac_cv_c_inline=inline
ac_cv_c_int16_t=yes
ac_cv_c_int32_t=yes
ac_cv_c_int64_t=yes
ac_cv_c_int8_t=yes
ac_cv_c_uint16_t=yes
ac_cv_c_uint32_t=yes
ac_cv_c_uint64_t=yes
ac_cv_c_uint8_t=yes
ac_cv_env_CC_set=set
ac_cv_env_CC_value='arm-linux-androideabi-gcc -DANDROID -mandroid -fomit-frame-pointer --sysroot /opt/crystax-ndk-10.3.1/platforms/android-15/arch-arm -I/opt/crystax-ndk-10.3.1/sources/python/3.5/include/python'
ac_cv_env_CFLAGS_set=set
ac_cv_env_CFLAGS_value='-DANDROID -mandroid -fomit-frame-pointer --sysroot /opt/crystax-ndk-10.3.1/platforms/android-15/arch-arm -I/opt/crystax-ndk-10.3.1/sources/python/3.5/include/python -march=armv7-a -mfloat-abi=softfp -mfpu=vfp -mthumb'
ac_cv_env_CPPFLAGS_set=
ac_cv_env_CPPFLAGS_value=
ac_cv_env_CPP_set=
ac_cv_env_CPP_value=
ac_cv_env_LDFLAGS_set=set
ac_cv_env_LDFLAGS_value='-lm -L/opt/crystax-ndk-10.3.1/sources/python/3.5/libs/armeabi-v7a -L/opt/crystax-ndk-10.3.1/sources/crystax/libs/armeabi-v7a -lcrystax'
ac_cv_env_LIBS_set=
ac_cv_env_LIBS_value=
ac_cv_env_build_alias_set=
ac_cv_env_build_alias_value=
ac_cv_env_host_alias_set=set
ac_cv_env_host_alias_value=armeabi-v7a
ac_cv_env_target_alias_set=
ac_cv_env_target_alias_value=
ac_cv_func_malloc_0_nonnull=yes
ac_cv_func_memmove=yes
ac_cv_func_memset=yes
ac_cv_have_decl_mpz_powm=no
ac_cv_have_decl_mpz_powm_sec=no
ac_cv_header_inttypes_h=yes
ac_cv_header_limits_h=yes
ac_cv_header_memory_h=yes
ac_cv_header_stdc=yes
ac_cv_header_stddef_h=yes
ac_cv_header_stdint_h=yes
ac_cv_header_stdlib_h=yes
ac_cv_header_string_h=yes
ac_cv_header_strings_h=yes
ac_cv_header_sys_stat_h=yes
ac_cv_header_sys_types_h=yes
ac_cv_header_unistd_h=yes
ac_cv_header_wchar_h=yes
ac_cv_lib_gmp___gmpz_init=no
ac_cv_lib_mpir___gmpz_init=no
ac_cv_objext=o
ac_cv_path_EGREP='/usr/bin/grep -E'
ac_cv_path_GREP=/usr/bin/grep
ac_cv_prog_CC='arm-linux-androideabi-gcc -DANDROID -mandroid -fomit-frame-pointer --sysroot /opt/crystax-ndk-10.3.1/platforms/android-15/arch-arm -I/opt/crystax-ndk-10.3.1/sources/python/3.5/include/python'
ac_cv_prog_CPP='arm-linux-androideabi-gcc -DANDROID -mandroid -fomit-frame-pointer --sysroot /opt/crystax-ndk-10.3.1/platforms/android-15/arch-arm -I/opt/crystax-ndk-10.3.1/sources/python/3.5/include/python -E'
ac_cv_prog_cc_c89=
ac_cv_prog_cc_g=yes
ac_cv_type_size_t=yes

## ----------------- ##
## Output variables. ##
## ----------------- ##

CC='arm-linux-androideabi-gcc -DANDROID -mandroid -fomit-frame-pointer --sysroot /opt/crystax-ndk-10.3.1/platforms/android-15/arch-arm -I/opt/crystax-ndk-10.3.1/sources/python/3.5/include/python'
CFLAGS='-DANDROID -mandroid -fomit-frame-pointer --sysroot /opt/crystax-ndk-10.3.1/platforms/android-15/arch-arm -I/opt/crystax-ndk-10.3.1/sources/python/3.5/include/python -march=armv7-a -mfloat-abi=softfp -mfpu=vfp -mthumb'
CPP='arm-linux-androideabi-gcc -DANDROID -mandroid -fomit-frame-pointer --sysroot /opt/crystax-ndk-10.3.1/platforms/android-15/arch-arm -I/opt/crystax-ndk-10.3.1/sources/python/3.5/include/python -E'
CPPFLAGS=''
DEFS='-DHAVE_CONFIG_H'
ECHO_C=''
ECHO_N='-n'
ECHO_T=''
EGREP='/usr/bin/grep -E'
EXEEXT=''
GREP='/usr/bin/grep'
LDFLAGS='-lm -L/opt/crystax-ndk-10.3.1/sources/python/3.5/libs/armeabi-v7a -L/opt/crystax-ndk-10.3.1/sources/crystax/libs/armeabi-v7a -lcrystax'
LIBOBJS=''
LIBS=''
LTLIBOBJS=''
OBJEXT='o'
PACKAGE_BUGREPORT='BUG-REPORT-ADDRESS'
PACKAGE_NAME='FULL-PACKAGE-NAME'
PACKAGE_STRING='FULL-PACKAGE-NAME VERSION'
PACKAGE_TARNAME='full-package-name'
PACKAGE_URL=''
PACKAGE_VERSION='VERSION'
PATH_SEPARATOR=':'
SHELL='/bin/sh'
ac_ct_CC=''
bindir='${exec_prefix}/bin'
build_alias=''
datadir='${datarootdir}'
datarootdir='${prefix}/share'
docdir='${datarootdir}/doc/${PACKAGE_TARNAME}'
dvidir='${docdir}'
exec_prefix='${prefix}'
host_alias='armeabi-v7a'
htmldir='${docdir}'
includedir='${prefix}/include'
infodir='${datarootdir}/info'
libdir='${exec_prefix}/lib'
libexecdir='${exec_prefix}/libexec'
localedir='${datarootdir}/locale'
localstatedir='${prefix}/var'
mandir='${datarootdir}/man'
oldincludedir='/usr/include'
pdfdir='${docdir}'
prefix='/home/chtimbo/testbuild/prefix'
program_transform_name='s,x,x,'
psdir='${docdir}'
sbindir='${exec_prefix}/sbin'
sharedstatedir='${prefix}/com'
sysconfdir='${prefix}/etc'
target_alias=''

## ----------- ##
## confdefs.h. ##
## ----------- ##

/* confdefs.h */
#define PACKAGE_NAME "FULL-PACKAGE-NAME"
#define PACKAGE_TARNAME "full-package-name"
#define PACKAGE_VERSION "VERSION"
#define PACKAGE_STRING "FULL-PACKAGE-NAME VERSION"
#define PACKAGE_BUGREPORT "BUG-REPORT-ADDRESS"
#define PACKAGE_URL ""
#define HAVE_DECL_MPZ_POWM 0
#define HAVE_DECL_MPZ_POWM_SEC 0
#define STDC_HEADERS 1
#define HAVE_SYS_TYPES_H 1
#define HAVE_SYS_STAT_H 1
#define HAVE_STDLIB_H 1
#define HAVE_STRING_H 1
#define HAVE_MEMORY_H 1
#define HAVE_STRINGS_H 1
#define HAVE_INTTYPES_H 1
#define HAVE_STDINT_H 1
#define HAVE_UNISTD_H 1
#define HAVE_INTTYPES_H 1
#define HAVE_LIMITS_H 1
#define HAVE_STDDEF_H 1
#define HAVE_STDINT_H 1
#define HAVE_STDLIB_H 1
#define HAVE_STRING_H 1
#define HAVE_WCHAR_H 1
#define HAVE_STDLIB_H 1
#define HAVE_MALLOC 1
#define HAVE_MEMMOVE 1
#define HAVE_MEMSET 1

configure: exit 0
